#
# There is insufficient memory for the Java Runtime Environment to continue.
# Native memory allocation (malloc) failed to allocate 1048576 bytes for AllocateHeap
# Possible reasons:
#   The system is out of physical RAM or swap space
#   The process is running with CompressedOops enabled, and the Java Heap may be blocking the growth of the native heap
# Possible solutions:
#   Reduce memory load on the system
#   Increase physical memory or swap space
#   Check if swap backing store is full
#   Decrease Java heap size (-Xmx/-Xms)
#   Decrease number of Java threads
#   Decrease Java thread stack sizes (-Xss)
#   Set larger code cache with -XX:ReservedCodeCacheSize=
#   JVM is running with Zero Based Compressed Oops mode in which the Java heap is
#     placed in the first 32GB address space. The Java Heap base address is the
#     maximum limit for the native heap growth. Please use -XX:HeapBaseMinAddress
#     to set the Java Heap base and to place the Java Heap above 32GB virtual address.
# This output file may be truncated or incomplete.
#
#  Out of Memory Error (memory/allocation.inline.hpp:61), pid=23176, tid=0x0000000000004a64
#
# JRE version:  (8.0_332-b08) (build )
# Java VM: OpenJDK 64-Bit Server VM (25.332-b08 mixed mode windows-amd64 compressed oops)
# Failed to write core dump. Minidumps are not enabled by default on client versions of Windows
#

---------------  T H R E A D  ---------------

Current thread (0x000002b39e076000):  JavaThread "Unknown thread" [_thread_in_vm, id=19044, stack(0x000000da57100000,0x000000da57200000)]

Stack: [0x000000da57100000,0x000000da57200000]
[error occurred during error reporting (printing stack bounds), id 0xc0000005]

Native frames: (J=compiled Java code, j=interpreted, Vv=VM code, C=native code)


---------------  P R O C E S S  ---------------

Java Threads: ( => current thread )

Other Threads:

=>0x000002b39e076000 (exited) JavaThread "Unknown thread" [_thread_in_vm, id=19044, stack(0x000000da57100000,0x000000da57200000)]

VM state:not at safepoint (normal execution)

VM Mutex/Monitor currently owned by a thread: None

heap address: 0x0000000643e00000, size: 6082 MB, Compressed Oops mode: Zero based, Oop shift amount: 3
Narrow klass base: 0x0000000000000000, Narrow klass shift: 3
Compressed class space size: 1073741824 Address: 0x00000007c0000000

Heap:
 PSYoungGen      total 114176K, used 1966K [0x0000000741500000, 0x0000000749400000, 0x00000007c0000000)
  eden space 98304K, 2% used [0x0000000741500000,0x00000007416eb860,0x0000000747500000)
  from space 15872K, 0% used [0x0000000748480000,0x0000000748480000,0x0000000749400000)
  to   space 15872K, 0% used [0x0000000747500000,0x0000000747500000,0x0000000748480000)
 ParOldGen       total 261120K, used 0K [0x0000000643e00000, 0x0000000653d00000, 0x0000000741500000)
  object space 261120K, 0% used [0x0000000643e00000,0x0000000643e00000,0x0000000653d00000)
 Metaspace       used 782K, capacity 4480K, committed 4480K, reserved 1056768K
  class space    used 76K, capacity 384K, committed 384K, reserved 1048576K

Card table byte_map: [0x000002b3aedf0000,0x000002b3af9e0000] byte_map_base: 0x000002b3abbd1000

Marking Bits: (ParMarkBitMap*) 0x000000006fc17850
 Begin Bits: [0x000002b3b01d0000, 0x000002b3b60d8000)
 End Bits:   [0x000002b3b60d8000, 0x000002b3bbfe0000)

Polling page: 0x000002b39e160000

CodeCache: size=245760Kb used=328Kb max_used=328Kb free=245431Kb
 bounds [0x000002b39fa30000, 0x000002b39fca0000, 0x000002b3aea30000]
 total_blobs=57 nmethods=0 adapters=38
 compilation: enabled

Compilation events (0 events):
No events

GC Heap History (0 events):
No events

Deoptimization events (0 events):
No events

Classes redefined (0 events):
No events

Internal exceptions (0 events):
No events

Events (10 events):
Event: 0.013 loading class java/lang/Short
Event: 0.013 loading class java/lang/Short done
Event: 0.013 loading class java/lang/Integer
Event: 0.013 loading class java/lang/Integer done
Event: 0.013 loading class java/lang/Long
Event: 0.014 loading class java/lang/Long done
Event: 0.014 loading class java/lang/NullPointerException
Event: 0.014 loading class java/lang/NullPointerException done
Event: 0.014 loading class java/lang/ArithmeticException
Event: 0.014 loading class java/lang/ArithmeticException done


Dynamic libraries:
0x00007ff7ed460000 - 0x00007ff7ed49a000 	C:\Users\vladzimir.savosko\.jdks\corretto-1.8.0_332\bin\java.exe
0x00007ffe6a670000 - 0x00007ffe6a865000 	C:\Windows\SYSTEM32\ntdll.dll
0x00007ffe69b90000 - 0x00007ffe69c4d000 	C:\Windows\System32\KERNEL32.DLL
0x00007ffe67fe0000 - 0x00007ffe682ad000 	C:\Windows\System32\KERNELBASE.dll
0x00007ffe68780000 - 0x00007ffe6882e000 	C:\Windows\System32\ADVAPI32.dll
0x00007ffe68a00000 - 0x00007ffe68a9e000 	C:\Windows\System32\msvcrt.dll
0x00007ffe6a0e0000 - 0x00007ffe6a17c000 	C:\Windows\System32\sechost.dll
0x00007ffe68f30000 - 0x00007ffe69055000 	C:\Windows\System32\RPCRT4.dll
0x00007ffe697b0000 - 0x00007ffe69950000 	C:\Windows\System32\USER32.dll
0x00007ffe682b0000 - 0x00007ffe682d2000 	C:\Windows\System32\win32u.dll
0x00007ffe69e50000 - 0x00007ffe69e7a000 	C:\Windows\System32\GDI32.dll
0x00007ffe67ed0000 - 0x00007ffe67fdb000 	C:\Windows\System32\gdi32full.dll
0x00007ffe67d80000 - 0x00007ffe67e1d000 	C:\Windows\System32\msvcp_win.dll
0x00007ffe68530000 - 0x00007ffe68630000 	C:\Windows\System32\ucrtbase.dll
0x00007ffe50c40000 - 0x00007ffe50eda000 	C:\Windows\WinSxS\amd64_microsoft.windows.common-controls_6595b64144ccf1df_6.0.19041.1110_none_60b5254171f9507e\COMCTL32.dll
0x00007ffe69e20000 - 0x00007ffe69e50000 	C:\Windows\System32\IMM32.DLL
0x00007ffe3e380000 - 0x00007ffe3e46f000 	C:\Users\vladzimir.savosko\.jdks\corretto-1.8.0_332\jre\bin\msvcr120.dll
0x00007ffe3e2d0000 - 0x00007ffe3e376000 	C:\Users\vladzimir.savosko\.jdks\corretto-1.8.0_332\jre\bin\msvcp120.dll
0x000000006f420000 - 0x000000006fc96000 	C:\Users\vladzimir.savosko\.jdks\corretto-1.8.0_332\jre\bin\server\jvm.dll
0x00007ffe69e10000 - 0x00007ffe69e18000 	C:\Windows\System32\PSAPI.DLL
0x00007ffe5b800000 - 0x00007ffe5b80a000 	C:\Windows\SYSTEM32\VERSION.dll
0x00007ffe5cb40000 - 0x00007ffe5cb49000 	C:\Windows\SYSTEM32\WSOCK32.dll
0x00007ffe45530000 - 0x00007ffe45557000 	C:\Windows\SYSTEM32\WINMM.dll
0x00007ffe6a560000 - 0x00007ffe6a5cb000 	C:\Windows\System32\WS2_32.dll
0x00007ffe57a80000 - 0x00007ffe57a8f000 	C:\Users\vladzimir.savosko\.jdks\corretto-1.8.0_332\jre\bin\verify.dll
0x00007ffe403e0000 - 0x00007ffe40409000 	C:\Users\vladzimir.savosko\.jdks\corretto-1.8.0_332\jre\bin\java.dll
0x00007ffe57a40000 - 0x00007ffe57a56000 	C:\Users\vladzimir.savosko\.jdks\corretto-1.8.0_332\jre\bin\zip.dll

VM Arguments:
jvm_args: -Dfile.encoding=windows-1251 -Duser.country=US -Duser.language=en -Duser.variant 
java_command: com.emerline.sandbox.SimpleCalculator
java_class_path (initial): C:\Users\vladzimir.savosko\Documents\GitHub\java\Calculator\build\classes\java\main;C:\Users\vladzimir.savosko\Documents\GitHub\java\Calculator\build\resources\main
Launcher Type: SUN_STANDARD

Environment Variables:
JAVA_HOME=c:\Program Files (x86)\jdk-18\
PATH=C:\Python310\Scripts\;C:\Python310\;C:\Windows\system32;C:\Windows;C:\Windows\System32\Wbem;C:\Windows\System32\WindowsPowerShell\v1.0\;C:\Windows\System32\OpenSSH\;C:\Program Files (x86)\Microsoft SQL Server\150\DTS\Binn\;C:\Program Files\Azure Data Studio\bin;C:\Program Files\Git\cmd;C:\Program Files (x86)\Yarn\bin\;C:\Program Files\nodejs\;C:\ProgramData\chocolatey\bin;c:\Program Files (x86)\jdk-18\\bin;C:\Program Files (x86)\gradle-7.4.2\bin;C:\Users\vladzimir.savosko\AppData\Local\Microsoft\WindowsApps;C:\Program Files\Azure Data Studio\bin;C:\Users\vladzimir.savosko\AppData\Local\Yarn\bin;C:\Users\vladzimir.savosko\AppData\Roaming\npm;C:\Program Files\JetBrains\IntelliJ IDEA Community Edition 2022.1.1\bin;C:\Users\vladzimir.savosko\AppData\Local\Programs\Fiddler;C:\Users\vladzimir.savosko\AppData\Local\GitHubDesktop\bin
USERNAME=vladzimir.savosko
OS=Windows_NT
PROCESSOR_IDENTIFIER=Intel64 Family 6 Model 142 Stepping 12, GenuineIntel



---------------  S Y S T E M  ---------------

OS: Windows 10.0 , 64 bit Build 19041 (10.0.19041.1706)

CPU:total 8 (initial active 8) (4 cores per cpu, 2 threads per core) family 6 model 142 stepping 12, cmov, cx8, fxsr, mmx, sse, sse2, sse3, ssse3, sse4.1, sse4.2, popcnt, avx, avx2, aes, clmul, erms, 3dnowpref, lzcnt, ht, tsc, tscinvbit, bmi1, bmi2, adx

Memory: 4k page, physical 24910680k(4695736k free), swap 42318680k(5304k free)

vm_info: OpenJDK 64-Bit Server VM (25.332-b08) for windows-amd64 JRE (1.8.0_332-b08), built on Apr 16 2022 08:31:02 by "Administrator" with MS VC++ 12.0 (VS2013)

time: Fri Jun 03 02:07:02 2022
timezone: Belarus Standard Time
elapsed time: 0.018682 seconds (0d 0h 0m 0s)

